2024-11-01 14:03:09,582 - logger - INFO - Directory checked/created: ../data/
2024-11-01 14:03:09,582 - logger - INFO - Directory checked/created: ../data/
2024-11-01 14:03:09,582 - logger - INFO - Starting download from Google Drive.
2024-11-01 14:03:09,582 - logger - INFO - Starting download from Google Drive.
2024-11-01 14:03:10,017 - logger - ERROR - Error loading data: Failed to retrieve file url:

	Cannot retrieve the public link of the file. You may need to change
	the permission to 'Anyone with the link', or have had many accesses.
	Check FAQ in https://github.com/wkentaro/gdown?tab=readme-ov-file#faq.

You may still be able to access the file from the browser:

	https://drive.google.com/uc?export=download&id=folders

but Gdown can't. Please check connections and permissions.
2024-11-01 14:03:10,017 - logger - ERROR - Error loading data: Failed to retrieve file url:

	Cannot retrieve the public link of the file. You may need to change
	the permission to 'Anyone with the link', or have had many accesses.
	Check FAQ in https://github.com/wkentaro/gdown?tab=readme-ov-file#faq.

You may still be able to access the file from the browser:

	https://drive.google.com/uc?export=download&id=folders

but Gdown can't. Please check connections and permissions.
2024-11-01 14:04:18,398 - logger - INFO - Directory checked/created: ../data/
2024-11-01 14:04:18,398 - logger - INFO - Directory checked/created: ../data/
2024-11-01 14:04:18,398 - logger - INFO - Starting download from Google Drive.
2024-11-01 14:04:18,398 - logger - INFO - Starting download from Google Drive.
2024-11-01 14:04:28,707 - logger - INFO - File downloaded successfully to ../data/data.csv.
2024-11-01 14:04:28,707 - logger - INFO - File downloaded successfully to ../data/data.csv.
2024-11-01 14:04:29,263 - logger - INFO - Data loaded into DataFrame successfully.
2024-11-01 14:04:29,263 - logger - INFO - Data loaded into DataFrame successfully.
2024-11-01 14:15:00,588 - logger - INFO - Directory checked/created: ../data/
2024-11-01 14:15:00,588 - logger - INFO - Starting download from Google Drive.
2024-11-01 14:15:05,600 - logger - INFO - File downloaded successfully to ../data/data.csv.
2024-11-01 14:15:06,169 - logger - INFO - Data loaded into DataFrame successfully.
2024-11-01 14:17:40,171 - logger - INFO - Directory checked/created: ../data/
2024-11-01 14:17:40,172 - logger - INFO - Starting download from Google Drive.
2024-11-01 14:17:45,151 - logger - INFO - File downloaded successfully to ../data/data.csv.
2024-11-01 14:17:45,699 - logger - INFO - Data loaded into DataFrame successfully.
2024-11-01 14:19:46,051 - logger - INFO - Directory checked/created: ../data/
2024-11-01 14:19:46,052 - logger - INFO - Starting download from Google Drive.
2024-11-01 14:19:51,093 - logger - INFO - File downloaded successfully to ../data/data.csv.
2024-11-01 14:19:51,642 - logger - INFO - Data loaded into DataFrame successfully.
2024-11-01 14:20:22,374 - logger - INFO - Directory checked/created: ../data/
2024-11-01 14:20:22,374 - logger - INFO - Starting download from Google Drive.
2024-11-01 14:20:32,376 - logger - INFO - File downloaded successfully to ../data/data.csv.
2024-11-01 14:20:32,931 - logger - INFO - Data loaded into DataFrame successfully.
2024-11-01 14:21:10,798 - logger - INFO - Directory checked/created: ../data/
2024-11-01 14:21:10,799 - logger - INFO - Starting download from Google Drive.
2024-11-01 14:21:15,983 - logger - INFO - File downloaded successfully to ../data/data.csv.
2024-11-01 14:21:16,533 - logger - INFO - Data loaded into DataFrame successfully.
2024-11-01 14:21:51,046 - logger - INFO - Directory checked/created: ../data/
2024-11-01 14:21:51,047 - logger - INFO - Starting download from Google Drive.
2024-11-01 14:21:56,227 - logger - INFO - File downloaded successfully to ../data/data.csv.
2024-11-01 14:21:56,766 - logger - INFO - Data loaded into DataFrame successfully.
2024-11-01 14:23:00,670 - logger - INFO - Directory checked/created: ../data/
2024-11-01 14:23:00,671 - logger - INFO - Starting download from Google Drive.
2024-11-01 14:23:06,279 - logger - INFO - File downloaded successfully to ../data/data.csv.
2024-11-01 14:23:06,810 - logger - INFO - Data loaded into DataFrame successfully.
2024-11-01 14:59:47,015 - logger - INFO - DataFrame dimensions: (9011, 3)
2024-11-01 14:59:47,016 - logger - INFO - Displayed data types for each column.
2024-11-01 14:59:47,018 - logger - INFO - No missing values detected.
2024-11-01 14:59:47,029 - logger - INFO - Duplicate rows found: 0
2024-11-08 21:16:06,377 - logger - INFO - CUSUM plot created successfully.
2024-11-08 21:21:24,169 - logger - INFO - Bayesian sampling completed successfully.
2024-11-08 21:21:24,990 - logger - INFO - Estimated change point date: 2004-03-04 00:00:00
2024-11-08 21:22:31,505 - logger - INFO - Bayesian sampling completed successfully.
2024-11-08 21:22:32,308 - logger - INFO - Estimated change point date: 2004-03-04 00:00:00
2024-11-12 19:59:05,476 - logger - INFO - CUSUM plot created successfully.
2024-11-12 20:00:49,591 - logger - INFO - Bayesian sampling completed successfully.
2024-11-12 20:00:50,448 - logger - INFO - Estimated change point date: 2004-03-04 00:00:00
2024-11-12 20:36:15,350 - logger - INFO - CUSUM plot created successfully.
2024-11-12 20:38:00,830 - logger - INFO - Bayesian sampling completed successfully.
2024-11-12 20:38:01,760 - logger - INFO - Estimated change point date: 2004-03-04 00:00:00
2024-11-12 20:44:07,233 - logger - INFO - CUSUM plot created successfully.
2024-11-12 20:45:50,840 - logger - INFO - Bayesian sampling completed successfully.
2024-11-12 20:45:51,774 - logger - INFO - Estimated change point date: 2004-03-04 00:00:00
2024-11-13 11:00:50,332 - logger - INFO - CUSUM plot created successfully.
2024-11-13 11:02:41,641 - logger - INFO - Bayesian sampling completed successfully.
2024-11-13 11:02:42,672 - logger - INFO - Estimated change point date: 2004-03-04 00:00:00
